<?xml version="1.0" encoding="UTF-8"?>
<testsuite xmlns:xsi="http://www.w3.org/2001/XMLSchema-instance" xsi:noNamespaceSchemaLocation="https://maven.apache.org/surefire/maven-surefire-plugin/xsd/surefire-test-report.xsd" name="miscTest.StringToolsTest" time="0.61" tests="2" errors="0" skipped="0" failures="0">
  <properties>
[...]
</properties>
  <testcase name="test_buildDescription_notDir_notWrite_notRead_notExe" classname="miscTest.StringToolsTest" time="0.605"/>
  <testcase name="test_buildDescription_Dir_Write_Read_Exe" classname="miscTest.StringToolsTest" time="0.003"/>
</testsuite>